{"/home/factoriaf5/Escritorio/eu_emisions/static/js/script.js": {"path":"/home/factoriaf5/Escritorio/eu_emisions/static/js/script.js","statementMap":{"0":{"start":{"line":335,"column":19},"end":{"line":335,"column":55}},"1":{"start":{"line":336,"column":2},"end":{"line":336,"column":39}},"2":{"start":{"line":341,"column":17},"end":{"line":341,"column":56}},"3":{"start":{"line":342,"column":15},"end":{"line":342,"column":41}},"4":{"start":{"line":343,"column":15},"end":{"line":343,"column":28}},"5":{"start":{"line":345,"column":2},"end":{"line":348,"column":3}},"6":{"start":{"line":346,"column":4},"end":{"line":346,"column":73}},"7":{"start":{"line":347,"column":4},"end":{"line":347,"column":11}},"8":{"start":{"line":350,"column":21},"end":{"line":350,"column":50}},"9":{"start":{"line":351,"column":2},"end":{"line":354,"column":3}},"10":{"start":{"line":352,"column":4},"end":{"line":352,"column":36}},"11":{"start":{"line":353,"column":4},"end":{"line":353,"column":48}},"12":{"start":{"line":356,"column":2},"end":{"line":358,"column":5}},"13":{"start":{"line":357,"column":4},"end":{"line":357,"column":31}},"14":{"start":{"line":360,"column":2},"end":{"line":360,"column":53}},"15":{"start":{"line":365,"column":21},"end":{"line":365,"column":55}},"16":{"start":{"line":366,"column":2},"end":{"line":372,"column":3}},"17":{"start":{"line":367,"column":4},"end":{"line":367,"column":48}},"18":{"start":{"line":368,"column":4},"end":{"line":368,"column":42}},"19":{"start":{"line":370,"column":4},"end":{"line":370,"column":48}},"20":{"start":{"line":371,"column":4},"end":{"line":371,"column":43}},"21":{"start":{"line":377,"column":21},"end":{"line":380,"column":3}},"22":{"start":{"line":382,"column":2},"end":{"line":391,"column":5}},"23":{"start":{"line":383,"column":4},"end":{"line":390,"column":7}},"24":{"start":{"line":384,"column":6},"end":{"line":384,"column":25}},"25":{"start":{"line":385,"column":22},"end":{"line":385,"column":57}},"26":{"start":{"line":386,"column":6},"end":{"line":389,"column":7}},"27":{"start":{"line":387,"column":22},"end":{"line":387,"column":54}},"28":{"start":{"line":388,"column":8},"end":{"line":388,"column":49}},"29":{"start":{"line":388,"column":19},"end":{"line":388,"column":49}},"30":{"start":{"line":396,"column":2},"end":{"line":402,"column":5}},"31":{"start":{"line":397,"column":4},"end":{"line":401,"column":7}},"32":{"start":{"line":398,"column":22},"end":{"line":398,"column":57}},"33":{"start":{"line":399,"column":20},"end":{"line":399,"column":52}},"34":{"start":{"line":400,"column":6},"end":{"line":400,"column":46}},"35":{"start":{"line":400,"column":17},"end":{"line":400,"column":46}},"36":{"start":{"line":407,"column":2},"end":{"line":413,"column":5}},"37":{"start":{"line":408,"column":4},"end":{"line":412,"column":7}},"38":{"start":{"line":409,"column":6},"end":{"line":411,"column":7}},"39":{"start":{"line":410,"column":8},"end":{"line":410,"column":37}},"40":{"start":{"line":417,"column":0},"end":{"line":452,"column":1}},"41":{"start":{"line":418,"column":2},"end":{"line":451,"column":5}},"42":{"start":{"line":419,"column":23},"end":{"line":419,"column":61}},"43":{"start":{"line":420,"column":4},"end":{"line":420,"column":54}},"44":{"start":{"line":422,"column":4},"end":{"line":422,"column":22}},"45":{"start":{"line":423,"column":4},"end":{"line":423,"column":22}},"46":{"start":{"line":424,"column":4},"end":{"line":424,"column":24}},"47":{"start":{"line":425,"column":4},"end":{"line":425,"column":31}},"48":{"start":{"line":428,"column":24},"end":{"line":428,"column":67}},"49":{"start":{"line":429,"column":4},"end":{"line":434,"column":5}},"50":{"start":{"line":430,"column":6},"end":{"line":433,"column":8}},"51":{"start":{"line":431,"column":22},"end":{"line":431,"column":61}},"52":{"start":{"line":432,"column":8},"end":{"line":432,"column":49}},"53":{"start":{"line":432,"column":19},"end":{"line":432,"column":49}},"54":{"start":{"line":436,"column":22},"end":{"line":436,"column":63}},"55":{"start":{"line":437,"column":4},"end":{"line":442,"column":5}},"56":{"start":{"line":438,"column":6},"end":{"line":441,"column":8}},"57":{"start":{"line":439,"column":22},"end":{"line":439,"column":59}},"58":{"start":{"line":440,"column":8},"end":{"line":440,"column":49}},"59":{"start":{"line":440,"column":19},"end":{"line":440,"column":49}},"60":{"start":{"line":444,"column":25},"end":{"line":444,"column":60}},"61":{"start":{"line":445,"column":4},"end":{"line":450,"column":7}},"62":{"start":{"line":446,"column":6},"end":{"line":449,"column":8}},"63":{"start":{"line":447,"column":22},"end":{"line":447,"column":80}},"64":{"start":{"line":448,"column":8},"end":{"line":448,"column":48}},"65":{"start":{"line":448,"column":19},"end":{"line":448,"column":48}},"66":{"start":{"line":454,"column":0},"end":{"line":461,"column":2}}},"fnMap":{"0":{"name":"toggleMenu","decl":{"start":{"line":334,"column":9},"end":{"line":334,"column":19}},"loc":{"start":{"line":334,"column":22},"end":{"line":337,"column":1}},"line":334},"1":{"name":"initializeTheme","decl":{"start":{"line":340,"column":9},"end":{"line":340,"column":24}},"loc":{"start":{"line":340,"column":27},"end":{"line":361,"column":1}},"line":340},"2":{"name":"(anonymous_2)","decl":{"start":{"line":356,"column":35},"end":{"line":356,"column":36}},"loc":{"start":{"line":356,"column":41},"end":{"line":358,"column":3}},"line":356},"3":{"name":"toggleDarkMode","decl":{"start":{"line":364,"column":9},"end":{"line":364,"column":23}},"loc":{"start":{"line":364,"column":36},"end":{"line":373,"column":1}},"line":364},"4":{"name":"setupModalLinks","decl":{"start":{"line":376,"column":9},"end":{"line":376,"column":24}},"loc":{"start":{"line":376,"column":27},"end":{"line":392,"column":1}},"line":376},"5":{"name":"(anonymous_5)","decl":{"start":{"line":382,"column":48},"end":{"line":382,"column":49}},"loc":{"start":{"line":382,"column":56},"end":{"line":391,"column":3}},"line":382},"6":{"name":"(anonymous_6)","decl":{"start":{"line":383,"column":35},"end":{"line":383,"column":36}},"loc":{"start":{"line":383,"column":42},"end":{"line":390,"column":5}},"line":383},"7":{"name":"setupCloseButtons","decl":{"start":{"line":395,"column":9},"end":{"line":395,"column":26}},"loc":{"start":{"line":395,"column":29},"end":{"line":403,"column":1}},"line":395},"8":{"name":"(anonymous_8)","decl":{"start":{"line":396,"column":46},"end":{"line":396,"column":47}},"loc":{"start":{"line":396,"column":58},"end":{"line":402,"column":3}},"line":396},"9":{"name":"(anonymous_9)","decl":{"start":{"line":397,"column":39},"end":{"line":397,"column":40}},"loc":{"start":{"line":397,"column":45},"end":{"line":401,"column":5}},"line":397},"10":{"name":"setupOutsideClickToClose","decl":{"start":{"line":406,"column":9},"end":{"line":406,"column":33}},"loc":{"start":{"line":406,"column":36},"end":{"line":414,"column":1}},"line":406},"11":{"name":"(anonymous_11)","decl":{"start":{"line":407,"column":35},"end":{"line":407,"column":36}},"loc":{"start":{"line":407,"column":52},"end":{"line":413,"column":3}},"line":407},"12":{"name":"(anonymous_12)","decl":{"start":{"line":408,"column":48},"end":{"line":408,"column":49}},"loc":{"start":{"line":408,"column":57},"end":{"line":412,"column":5}},"line":408},"13":{"name":"(anonymous_13)","decl":{"start":{"line":418,"column":48},"end":{"line":418,"column":49}},"loc":{"start":{"line":418,"column":54},"end":{"line":451,"column":3}},"line":418},"14":{"name":"(anonymous_14)","decl":{"start":{"line":430,"column":28},"end":{"line":430,"column":29}},"loc":{"start":{"line":430,"column":34},"end":{"line":433,"column":7}},"line":430},"15":{"name":"(anonymous_15)","decl":{"start":{"line":438,"column":26},"end":{"line":438,"column":27}},"loc":{"start":{"line":438,"column":32},"end":{"line":441,"column":7}},"line":438},"16":{"name":"(anonymous_16)","decl":{"start":{"line":445,"column":25},"end":{"line":445,"column":26}},"loc":{"start":{"line":445,"column":43},"end":{"line":450,"column":5}},"line":445},"17":{"name":"(anonymous_17)","decl":{"start":{"line":446,"column":23},"end":{"line":446,"column":24}},"loc":{"start":{"line":446,"column":35},"end":{"line":449,"column":7}},"line":446}},"branchMap":{"0":{"loc":{"start":{"line":345,"column":2},"end":{"line":348,"column":3}},"type":"if","locations":[{"start":{"line":345,"column":2},"end":{"line":348,"column":3}},{"start":{},"end":{}}],"line":345},"1":{"loc":{"start":{"line":345,"column":6},"end":{"line":345,"column":22}},"type":"binary-expr","locations":[{"start":{"line":345,"column":6},"end":{"line":345,"column":13}},{"start":{"line":345,"column":17},"end":{"line":345,"column":22}}],"line":345},"2":{"loc":{"start":{"line":351,"column":2},"end":{"line":354,"column":3}},"type":"if","locations":[{"start":{"line":351,"column":2},"end":{"line":354,"column":3}},{"start":{},"end":{}}],"line":351},"3":{"loc":{"start":{"line":366,"column":2},"end":{"line":372,"column":3}},"type":"if","locations":[{"start":{"line":366,"column":2},"end":{"line":372,"column":3}},{"start":{"line":369,"column":9},"end":{"line":372,"column":3}}],"line":366},"4":{"loc":{"start":{"line":386,"column":6},"end":{"line":389,"column":7}},"type":"if","locations":[{"start":{"line":386,"column":6},"end":{"line":389,"column":7}},{"start":{},"end":{}}],"line":386},"5":{"loc":{"start":{"line":388,"column":8},"end":{"line":388,"column":49}},"type":"if","locations":[{"start":{"line":388,"column":8},"end":{"line":388,"column":49}},{"start":{},"end":{}}],"line":388},"6":{"loc":{"start":{"line":400,"column":6},"end":{"line":400,"column":46}},"type":"if","locations":[{"start":{"line":400,"column":6},"end":{"line":400,"column":46}},{"start":{},"end":{}}],"line":400},"7":{"loc":{"start":{"line":409,"column":6},"end":{"line":411,"column":7}},"type":"if","locations":[{"start":{"line":409,"column":6},"end":{"line":411,"column":7}},{"start":{},"end":{}}],"line":409},"8":{"loc":{"start":{"line":417,"column":0},"end":{"line":452,"column":1}},"type":"if","locations":[{"start":{"line":417,"column":0},"end":{"line":452,"column":1}},{"start":{},"end":{}}],"line":417},"9":{"loc":{"start":{"line":429,"column":4},"end":{"line":434,"column":5}},"type":"if","locations":[{"start":{"line":429,"column":4},"end":{"line":434,"column":5}},{"start":{},"end":{}}],"line":429},"10":{"loc":{"start":{"line":432,"column":8},"end":{"line":432,"column":49}},"type":"if","locations":[{"start":{"line":432,"column":8},"end":{"line":432,"column":49}},{"start":{},"end":{}}],"line":432},"11":{"loc":{"start":{"line":437,"column":4},"end":{"line":442,"column":5}},"type":"if","locations":[{"start":{"line":437,"column":4},"end":{"line":442,"column":5}},{"start":{},"end":{}}],"line":437},"12":{"loc":{"start":{"line":440,"column":8},"end":{"line":440,"column":49}},"type":"if","locations":[{"start":{"line":440,"column":8},"end":{"line":440,"column":49}},{"start":{},"end":{}}],"line":440},"13":{"loc":{"start":{"line":448,"column":8},"end":{"line":448,"column":48}},"type":"if","locations":[{"start":{"line":448,"column":8},"end":{"line":448,"column":48}},{"start":{},"end":{}}],"line":448}},"s":{"0":1,"1":1,"2":3,"3":3,"4":3,"5":3,"6":1,"7":1,"8":2,"9":2,"10":1,"11":1,"12":2,"13":2,"14":2,"15":3,"16":3,"17":2,"18":2,"19":1,"20":1,"21":0,"22":0,"23":0,"24":0,"25":0,"26":0,"27":0,"28":0,"29":0,"30":0,"31":0,"32":0,"33":0,"34":0,"35":0,"36":0,"37":0,"38":0,"39":0,"40":1,"41":1,"42":0,"43":0,"44":0,"45":0,"46":0,"47":0,"48":0,"49":0,"50":0,"51":0,"52":0,"53":0,"54":0,"55":0,"56":0,"57":0,"58":0,"59":0,"60":0,"61":0,"62":0,"63":0,"64":0,"65":0,"66":1},"f":{"0":1,"1":3,"2":2,"3":3,"4":0,"5":0,"6":0,"7":0,"8":0,"9":0,"10":0,"11":0,"12":0,"13":0,"14":0,"15":0,"16":0,"17":0},"b":{"0":[1,2],"1":[3,2],"2":[1,1],"3":[2,1],"4":[0,0],"5":[0,0],"6":[0,0],"7":[0,0],"8":[1,0],"9":[0,0],"10":[0,0],"11":[0,0],"12":[0,0],"13":[0,0]},"_coverageSchema":"1a1c01bbd47fc00a2c39e90264f33305004495a9","hash":"58cf5a552944abcef2e0425178d5aec46f3dcec8"}
}
