TN:
SF:static/js/script.js
FN:334,toggleMenu
FN:340,initializeTheme
FN:356,(anonymous_2)
FN:364,toggleDarkMode
FN:376,setupModalLinks
FN:382,(anonymous_5)
FN:383,(anonymous_6)
FN:395,setupCloseButtons
FN:396,(anonymous_8)
FN:397,(anonymous_9)
FN:406,setupOutsideClickToClose
FN:407,(anonymous_11)
FN:408,(anonymous_12)
FN:418,(anonymous_13)
FN:430,(anonymous_14)
FN:438,(anonymous_15)
FN:445,(anonymous_16)
FN:446,(anonymous_17)
FNF:18
FNH:4
FNDA:1,toggleMenu
FNDA:3,initializeTheme
FNDA:2,(anonymous_2)
FNDA:3,toggleDarkMode
FNDA:0,setupModalLinks
FNDA:0,(anonymous_5)
FNDA:0,(anonymous_6)
FNDA:0,setupCloseButtons
FNDA:0,(anonymous_8)
FNDA:0,(anonymous_9)
FNDA:0,setupOutsideClickToClose
FNDA:0,(anonymous_11)
FNDA:0,(anonymous_12)
FNDA:0,(anonymous_13)
FNDA:0,(anonymous_14)
FNDA:0,(anonymous_15)
FNDA:0,(anonymous_16)
FNDA:0,(anonymous_17)
DA:335,1
DA:336,1
DA:341,3
DA:342,3
DA:343,3
DA:345,3
DA:346,1
DA:347,1
DA:350,2
DA:351,2
DA:352,1
DA:353,1
DA:356,2
DA:357,2
DA:360,2
DA:365,3
DA:366,3
DA:367,2
DA:368,2
DA:370,1
DA:371,1
DA:377,0
DA:382,0
DA:383,0
DA:384,0
DA:385,0
DA:386,0
DA:387,0
DA:388,0
DA:396,0
DA:397,0
DA:398,0
DA:399,0
DA:400,0
DA:407,0
DA:408,0
DA:409,0
DA:410,0
DA:417,1
DA:418,1
DA:419,0
DA:420,0
DA:422,0
DA:423,0
DA:424,0
DA:425,0
DA:428,0
DA:429,0
DA:430,0
DA:431,0
DA:432,0
DA:436,0
DA:437,0
DA:438,0
DA:439,0
DA:440,0
DA:444,0
DA:445,0
DA:446,0
DA:447,0
DA:448,0
DA:454,1
LF:62
LH:24
BRDA:345,0,0,1
BRDA:345,0,1,2
BRDA:345,1,0,3
BRDA:345,1,1,2
BRDA:351,2,0,1
BRDA:351,2,1,1
BRDA:366,3,0,2
BRDA:366,3,1,1
BRDA:386,4,0,0
BRDA:386,4,1,0
BRDA:388,5,0,0
BRDA:388,5,1,0
BRDA:400,6,0,0
BRDA:400,6,1,0
BRDA:409,7,0,0
BRDA:409,7,1,0
BRDA:417,8,0,1
BRDA:417,8,1,0
BRDA:429,9,0,0
BRDA:429,9,1,0
BRDA:432,10,0,0
BRDA:432,10,1,0
BRDA:437,11,0,0
BRDA:437,11,1,0
BRDA:440,12,0,0
BRDA:440,12,1,0
BRDA:448,13,0,0
BRDA:448,13,1,0
BRF:28
BRH:9
end_of_record
